The system is: Darwin - 16.5.0 - x86_64
Compiling the CXX compiler identification source file "CMakeCXXCompilerId.cpp" succeeded.
Compiler:  
Build flags: 
Id flags:  

The output was:
0
=== BUILD TARGET CompilerIdCXX OF PROJECT CompilerIdCXX WITH THE DEFAULT CONFIGURATION (Debug) ===

Check dependencies

Write auxiliary files
write-file /Users/sethbalodi/CODE/project3-shashwb/_build2/CMakeFiles/3.8.0-rc3/CompilerIdCXX/CompilerIdCXX.build/Debug/CompilerIdCXX.build/CompilerIdCXX.hmap
write-file /Users/sethbalodi/CODE/project3-shashwb/_build2/CMakeFiles/3.8.0-rc3/CompilerIdCXX/CompilerIdCXX.build/Debug/CompilerIdCXX.build/Script-2C8FEB8E15DC1A1A00E56A5D.sh
chmod 0755 /Users/sethbalodi/CODE/project3-shashwb/_build2/CMakeFiles/3.8.0-rc3/CompilerIdCXX/CompilerIdCXX.build/Debug/CompilerIdCXX.build/Script-2C8FEB8E15DC1A1A00E56A5D.sh
write-file /Users/sethbalodi/CODE/project3-shashwb/_build2/CMakeFiles/3.8.0-rc3/CompilerIdCXX/CompilerIdCXX.build/Debug/CompilerIdCXX.build/CompilerIdCXX-project-headers.hmap
write-file /Users/sethbalodi/CODE/project3-shashwb/_build2/CMakeFiles/3.8.0-rc3/CompilerIdCXX/CompilerIdCXX.build/Debug/CompilerIdCXX.build/CompilerIdCXX-own-target-headers.hmap
write-file /Users/sethbalodi/CODE/project3-shashwb/_build2/CMakeFiles/3.8.0-rc3/CompilerIdCXX/CompilerIdCXX.build/Debug/CompilerIdCXX.build/CompilerIdCXX-generated-files.hmap
write-file /Users/sethbalodi/CODE/project3-shashwb/_build2/CMakeFiles/3.8.0-rc3/CompilerIdCXX/CompilerIdCXX.build/Debug/CompilerIdCXX.build/CompilerIdCXX-all-target-headers.hmap
write-file /Users/sethbalodi/CODE/project3-shashwb/_build2/CMakeFiles/3.8.0-rc3/CompilerIdCXX/CompilerIdCXX.build/Debug/CompilerIdCXX.build/CompilerIdCXX-all-non-framework-target-headers.hmap
/bin/mkdir -p /Users/sethbalodi/CODE/project3-shashwb/_build2/CMakeFiles/3.8.0-rc3/CompilerIdCXX/CompilerIdCXX.build/Debug/CompilerIdCXX.build/Objects-normal/x86_64
write-file /Users/sethbalodi/CODE/project3-shashwb/_build2/CMakeFiles/3.8.0-rc3/CompilerIdCXX/CompilerIdCXX.build/Debug/CompilerIdCXX.build/Objects-normal/x86_64/CompilerIdCXX.LinkFileList

CompileC CompilerIdCXX.build/Debug/CompilerIdCXX.build/Objects-normal/x86_64/CMakeCXXCompilerId.o CMakeCXXCompilerId.cpp normal x86_64 c++ com.apple.compilers.llvm.clang.1_0.compiler
    cd /Users/sethbalodi/CODE/project3-shashwb/_build2/CMakeFiles/3.8.0-rc3/CompilerIdCXX
    export LANG=en_US.US-ASCII
    /Applications/Xcode.app/Contents/Developer/Toolchains/XcodeDefault.xctoolchain/usr/bin/clang -x c++ -arch x86_64 -fmessage-length=0 -fdiagnostics-show-note-include-stack -fmacro-backtrace-limit=0 -Wno-trigraphs -fpascal-strings -Os -Wno-missing-field-initializers -Wno-missing-prototypes -Wno-return-type -Wno-non-virtual-dtor -Wno-overloaded-virtual -Wno-exit-time-destructors -Wno-missing-braces -Wparentheses -Wswitch -Wno-unused-function -Wno-unused-label -Wno-unused-parameter -Wno-unused-variable -Wunused-value -Wno-empty-body -Wno-uninitialized -Wno-unknown-pragmas -Wno-shadow -Wno-four-char-constants -Wno-conversion -Wno-constant-conversion -Wno-int-conversion -Wno-bool-conversion -Wno-enum-conversion -Wno-shorten-64-to-32 -Wno-newline-eof -Wno-c++11-extensions -isysroot /Applications/Xcode.app/Contents/Developer/Platforms/MacOSX.platform/Developer/SDKs/MacOSX10.12.sdk -fasm-blocks -fstrict-aliasing -Wdeprecated-declarations -Winvalid-offsetof -mmacosx-version-min=10.12 -g -fvisibility=hidden -fvisibility-inlines-hidden -Wno-sign-conversion -Wno-infinite-recursion -Wno-move -I/Users/sethbalodi/CODE/project3-shashwb/_build2/CMakeFiles/3.8.0-rc3/CompilerIdCXX/CompilerIdCXX.build/Debug/CompilerIdCXX.build/CompilerIdCXX.hmap -I/Users/sethbalodi/CODE/project3-shashwb/_build2/CMakeFiles/3.8.0-rc3/CompilerIdCXX/include -I/Users/sethbalodi/CODE/project3-shashwb/_build2/CMakeFiles/3.8.0-rc3/CompilerIdCXX/CompilerIdCXX.build/Debug/CompilerIdCXX.build/DerivedSources/x86_64 -I/Users/sethbalodi/CODE/project3-shashwb/_build2/CMakeFiles/3.8.0-rc3/CompilerIdCXX/CompilerIdCXX.build/Debug/CompilerIdCXX.build/DerivedSources -F/Users/sethbalodi/CODE/project3-shashwb/_build2/CMakeFiles/3.8.0-rc3/CompilerIdCXX -MMD -MT dependencies -MF /Users/sethbalodi/CODE/project3-shashwb/_build2/CMakeFiles/3.8.0-rc3/CompilerIdCXX/CompilerIdCXX.build/Debug/CompilerIdCXX.build/Objects-normal/x86_64/CMakeCXXCompilerId.d --serialize-diagnostics /Users/sethbalodi/CODE/project3-shashwb/_build2/CMakeFiles/3.8.0-rc3/CompilerIdCXX/CompilerIdCXX.build/Debug/CompilerIdCXX.build/Objects-normal/x86_64/CMakeCXXCompilerId.dia -c /Users/sethbalodi/CODE/project3-shashwb/_build2/CMakeFiles/3.8.0-rc3/CompilerIdCXX/CMakeCXXCompilerId.cpp -o /Users/sethbalodi/CODE/project3-shashwb/_build2/CMakeFiles/3.8.0-rc3/CompilerIdCXX/CompilerIdCXX.build/Debug/CompilerIdCXX.build/Objects-normal/x86_64/CMakeCXXCompilerId.o

Ld CompilerIdCXX normal x86_64
    cd /Users/sethbalodi/CODE/project3-shashwb/_build2/CMakeFiles/3.8.0-rc3/CompilerIdCXX
    export MACOSX_DEPLOYMENT_TARGET=10.12
    /Applications/Xcode.app/Contents/Developer/Toolchains/XcodeDefault.xctoolchain/usr/bin/clang++ -arch x86_64 -isysroot /Applications/Xcode.app/Contents/Developer/Platforms/MacOSX.platform/Developer/SDKs/MacOSX10.12.sdk -L/Users/sethbalodi/CODE/project3-shashwb/_build2/CMakeFiles/3.8.0-rc3/CompilerIdCXX -F/Users/sethbalodi/CODE/project3-shashwb/_build2/CMakeFiles/3.8.0-rc3/CompilerIdCXX -filelist /Users/sethbalodi/CODE/project3-shashwb/_build2/CMakeFiles/3.8.0-rc3/CompilerIdCXX/CompilerIdCXX.build/Debug/CompilerIdCXX.build/Objects-normal/x86_64/CompilerIdCXX.LinkFileList -mmacosx-version-min=10.12 -Xlinker -object_path_lto -Xlinker /Users/sethbalodi/CODE/project3-shashwb/_build2/CMakeFiles/3.8.0-rc3/CompilerIdCXX/CompilerIdCXX.build/Debug/CompilerIdCXX.build/Objects-normal/x86_64/CompilerIdCXX_lto.o -Xlinker -dependency_info -Xlinker /Users/sethbalodi/CODE/project3-shashwb/_build2/CMakeFiles/3.8.0-rc3/CompilerIdCXX/CompilerIdCXX.build/Debug/CompilerIdCXX.build/Objects-normal/x86_64/CompilerIdCXX_dependency_info.dat -o /Users/sethbalodi/CODE/project3-shashwb/_build2/CMakeFiles/3.8.0-rc3/CompilerIdCXX/CompilerIdCXX

PhaseScriptExecution Run\ Script CompilerIdCXX.build/Debug/CompilerIdCXX.build/Script-2C8FEB8E15DC1A1A00E56A5D.sh
    cd /Users/sethbalodi/CODE/project3-shashwb/_build2/CMakeFiles/3.8.0-rc3/CompilerIdCXX
    /bin/sh -c /Users/sethbalodi/CODE/project3-shashwb/_build2/CMakeFiles/3.8.0-rc3/CompilerIdCXX/CompilerIdCXX.build/Debug/CompilerIdCXX.build/Script-2C8FEB8E15DC1A1A00E56A5D.sh
GCC_VERSION=com.apple.compilers.llvm.clang.1_0

** BUILD SUCCEEDED **



Compilation of the CXX compiler identification source "CMakeCXXCompilerId.cpp" produced "CompilerIdCXX"

The CXX compiler identification is AppleClang, found in "/Users/sethbalodi/CODE/project3-shashwb/_build2/CMakeFiles/3.8.0-rc3/CompilerIdCXX/CompilerIdCXX"

Determining if the CXX compiler works passed with the following output:
Change Dir: /Users/sethbalodi/CODE/project3-shashwb/_build2/CMakeFiles/CMakeTmp

Run Build Command:"/usr/bin/xcodebuild" "-project" "CMAKE_TRY_COMPILE.xcodeproj" "build" "-target" "cmTC_f1ae1" "-configuration" "Debug"
=== BUILD TARGET cmTC_f1ae1 OF PROJECT CMAKE_TRY_COMPILE WITH CONFIGURATION Debug ===

Check dependencies

Write auxiliary files
/bin/mkdir -p /Users/sethbalodi/CODE/project3-shashwb/_build2/CMakeFiles/CMakeTmp/CMAKE_TRY_COMPILE.build/Debug/cmTC_f1ae1.build/Objects-normal/x86_64
write-file /Users/sethbalodi/CODE/project3-shashwb/_build2/CMakeFiles/CMakeTmp/CMAKE_TRY_COMPILE.build/Debug/cmTC_f1ae1.build/Objects-normal/x86_64/cmTC_f1ae1.LinkFileList

CompileC CMAKE_TRY_COMPILE.build/Debug/cmTC_f1ae1.build/Objects-normal/x86_64/testCXXCompiler.o testCXXCompiler.cxx normal x86_64 c++ com.apple.compilers.llvm.clang.1_0.compiler
    cd /Users/sethbalodi/CODE/project3-shashwb/_build2/CMakeFiles/CMakeTmp
    export LANG=en_US.US-ASCII
    /Applications/Xcode.app/Contents/Developer/Toolchains/XcodeDefault.xctoolchain/usr/bin/clang -x c++ -arch x86_64 -fmessage-length=0 -fdiagnostics-show-note-include-stack -fmacro-backtrace-limit=0 -Wno-trigraphs -fpascal-strings -O0 -Wno-missing-field-initializers -Wno-missing-prototypes -Wno-return-type -Wno-non-virtual-dtor -Wno-overloaded-virtual -Wno-exit-time-destructors -Wno-missing-braces -Wparentheses -Wswitch -Wno-unused-function -Wno-unused-label -Wno-unused-parameter -Wno-unused-variable -Wunused-value -Wno-empty-body -Wno-uninitialized -Wno-unknown-pragmas -Wno-shadow -Wno-four-char-constants -Wno-conversion -Wno-constant-conversion -Wno-int-conversion -Wno-bool-conversion -Wno-enum-conversion -Wno-shorten-64-to-32 -Wno-newline-eof -Wno-c++11-extensions -DCMAKE_INTDIR=\"Debug\" -isysroot /Applications/Xcode.app/Contents/Developer/Platforms/MacOSX.platform/Developer/SDKs/MacOSX10.12.sdk -fasm-blocks -fstrict-aliasing -Wdeprecated-declarations -Winvalid-offsetof -mmacosx-version-min=10.12 -g -Wno-sign-conversion -Wno-infinite-recursion -Wno-move -I/Users/sethbalodi/CODE/project3-shashwb/_build2/CMakeFiles/CMakeTmp/Debug/include -I/Users/sethbalodi/CODE/project3-shashwb/_build2/CMakeFiles/CMakeTmp/CMAKE_TRY_COMPILE.build/Debug/cmTC_f1ae1.build/DerivedSources/x86_64 -I/Users/sethbalodi/CODE/project3-shashwb/_build2/CMakeFiles/CMakeTmp/CMAKE_TRY_COMPILE.build/Debug/cmTC_f1ae1.build/DerivedSources -Wmost -Wno-four-char-constants -Wno-unknown-pragmas -F/Users/sethbalodi/CODE/project3-shashwb/_build2/CMakeFiles/CMakeTmp/Debug -MMD -MT dependencies -MF /Users/sethbalodi/CODE/project3-shashwb/_build2/CMakeFiles/CMakeTmp/CMAKE_TRY_COMPILE.build/Debug/cmTC_f1ae1.build/Objects-normal/x86_64/testCXXCompiler.d --serialize-diagnostics /Users/sethbalodi/CODE/project3-shashwb/_build2/CMakeFiles/CMakeTmp/CMAKE_TRY_COMPILE.build/Debug/cmTC_f1ae1.build/Objects-normal/x86_64/testCXXCompiler.dia -c /Users/sethbalodi/CODE/project3-shashwb/_build2/CMakeFiles/CMakeTmp/testCXXCompiler.cxx -o /Users/sethbalodi/CODE/project3-shashwb/_build2/CMakeFiles/CMakeTmp/CMAKE_TRY_COMPILE.build/Debug/cmTC_f1ae1.build/Objects-normal/x86_64/testCXXCompiler.o

Ld Debug/cmTC_f1ae1 normal x86_64
    cd /Users/sethbalodi/CODE/project3-shashwb/_build2/CMakeFiles/CMakeTmp
    export MACOSX_DEPLOYMENT_TARGET=10.12
    /Applications/Xcode.app/Contents/Developer/Toolchains/XcodeDefault.xctoolchain/usr/bin/clang++ -arch x86_64 -isysroot /Applications/Xcode.app/Contents/Developer/Platforms/MacOSX.platform/Developer/SDKs/MacOSX10.12.sdk -L/Users/sethbalodi/CODE/project3-shashwb/_build2/CMakeFiles/CMakeTmp/Debug -F/Users/sethbalodi/CODE/project3-shashwb/_build2/CMakeFiles/CMakeTmp/Debug -filelist /Users/sethbalodi/CODE/project3-shashwb/_build2/CMakeFiles/CMakeTmp/CMAKE_TRY_COMPILE.build/Debug/cmTC_f1ae1.build/Objects-normal/x86_64/cmTC_f1ae1.LinkFileList -mmacosx-version-min=10.12 -Xlinker -object_path_lto -Xlinker /Users/sethbalodi/CODE/project3-shashwb/_build2/CMakeFiles/CMakeTmp/CMAKE_TRY_COMPILE.build/Debug/cmTC_f1ae1.build/Objects-normal/x86_64/cmTC_f1ae1_lto.o -Xlinker -no_deduplicate -Wl,-search_paths_first -Wl,-headerpad_max_install_names -Xlinker -dependency_info -Xlinker /Users/sethbalodi/CODE/project3-shashwb/_build2/CMakeFiles/CMakeTmp/CMAKE_TRY_COMPILE.build/Debug/cmTC_f1ae1.build/Objects-normal/x86_64/cmTC_f1ae1_dependency_info.dat -o /Users/sethbalodi/CODE/project3-shashwb/_build2/CMakeFiles/CMakeTmp/Debug/cmTC_f1ae1

** BUILD SUCCEEDED **



Detecting CXX compiler ABI info compiled with the following output:
Change Dir: /Users/sethbalodi/CODE/project3-shashwb/_build2/CMakeFiles/CMakeTmp

Run Build Command:"/usr/bin/xcodebuild" "-project" "CMAKE_TRY_COMPILE.xcodeproj" "build" "-target" "cmTC_d6cf9" "-configuration" "Debug"
=== BUILD TARGET cmTC_d6cf9 OF PROJECT CMAKE_TRY_COMPILE WITH CONFIGURATION Debug ===

Check dependencies

Write auxiliary files
/bin/mkdir -p /Users/sethbalodi/CODE/project3-shashwb/_build2/CMakeFiles/CMakeTmp/CMAKE_TRY_COMPILE.build/Debug/cmTC_d6cf9.build/Objects-normal/x86_64
write-file /Users/sethbalodi/CODE/project3-shashwb/_build2/CMakeFiles/CMakeTmp/CMAKE_TRY_COMPILE.build/Debug/cmTC_d6cf9.build/Objects-normal/x86_64/cmTC_d6cf9.LinkFileList

CompileC CMAKE_TRY_COMPILE.build/Debug/cmTC_d6cf9.build/Objects-normal/x86_64/CMakeCXXCompilerABI.o /Applications/CMake.app/Contents/share/cmake-3.8/Modules/CMakeCXXCompilerABI.cpp normal x86_64 c++ com.apple.compilers.llvm.clang.1_0.compiler
    cd /Users/sethbalodi/CODE/project3-shashwb/_build2/CMakeFiles/CMakeTmp
    export LANG=en_US.US-ASCII
    /Applications/Xcode.app/Contents/Developer/Toolchains/XcodeDefault.xctoolchain/usr/bin/clang -x c++ -arch x86_64 -fmessage-length=0 -fdiagnostics-show-note-include-stack -fmacro-backtrace-limit=0 -Wno-trigraphs -fpascal-strings -O0 -Wno-missing-field-initializers -Wno-missing-prototypes -Wno-return-type -Wno-non-virtual-dtor -Wno-overloaded-virtual -Wno-exit-time-destructors -Wno-missing-braces -Wparentheses -Wswitch -Wno-unused-function -Wno-unused-label -Wno-unused-parameter -Wno-unused-variable -Wunused-value -Wno-empty-body -Wno-uninitialized -Wno-unknown-pragmas -Wno-shadow -Wno-four-char-constants -Wno-conversion -Wno-constant-conversion -Wno-int-conversion -Wno-bool-conversion -Wno-enum-conversion -Wno-shorten-64-to-32 -Wno-newline-eof -Wno-c++11-extensions -DCMAKE_INTDIR=\"Debug\" -isysroot /Applications/Xcode.app/Contents/Developer/Platforms/MacOSX.platform/Developer/SDKs/MacOSX10.12.sdk -fasm-blocks -fstrict-aliasing -Wdeprecated-declarations -Winvalid-offsetof -mmacosx-version-min=10.12 -g -Wno-sign-conversion -Wno-infinite-recursion -Wno-move -I/Users/sethbalodi/CODE/project3-shashwb/_build2/CMakeFiles/CMakeTmp/Debug/include -I/Users/sethbalodi/CODE/project3-shashwb/_build2/CMakeFiles/CMakeTmp/CMAKE_TRY_COMPILE.build/Debug/cmTC_d6cf9.build/DerivedSources/x86_64 -I/Users/sethbalodi/CODE/project3-shashwb/_build2/CMakeFiles/CMakeTmp/CMAKE_TRY_COMPILE.build/Debug/cmTC_d6cf9.build/DerivedSources -Wmost -Wno-four-char-constants -Wno-unknown-pragmas -F/Users/sethbalodi/CODE/project3-shashwb/_build2/CMakeFiles/CMakeTmp/Debug -MMD -MT dependencies -MF /Users/sethbalodi/CODE/project3-shashwb/_build2/CMakeFiles/CMakeTmp/CMAKE_TRY_COMPILE.build/Debug/cmTC_d6cf9.build/Objects-normal/x86_64/CMakeCXXCompilerABI.d --serialize-diagnostics /Users/sethbalodi/CODE/project3-shashwb/_build2/CMakeFiles/CMakeTmp/CMAKE_TRY_COMPILE.build/Debug/cmTC_d6cf9.build/Objects-normal/x86_64/CMakeCXXCompilerABI.dia -c /Applications/CMake.app/Contents/share/cmake-3.8/Modules/CMakeCXXCompilerABI.cpp -o /Users/sethbalodi/CODE/project3-shashwb/_build2/CMakeFiles/CMakeTmp/CMAKE_TRY_COMPILE.build/Debug/cmTC_d6cf9.build/Objects-normal/x86_64/CMakeCXXCompilerABI.o

Ld Debug/cmTC_d6cf9 normal x86_64
    cd /Users/sethbalodi/CODE/project3-shashwb/_build2/CMakeFiles/CMakeTmp
    export MACOSX_DEPLOYMENT_TARGET=10.12
    /Applications/Xcode.app/Contents/Developer/Toolchains/XcodeDefault.xctoolchain/usr/bin/clang++ -arch x86_64 -isysroot /Applications/Xcode.app/Contents/Developer/Platforms/MacOSX.platform/Developer/SDKs/MacOSX10.12.sdk -L/Users/sethbalodi/CODE/project3-shashwb/_build2/CMakeFiles/CMakeTmp/Debug -F/Users/sethbalodi/CODE/project3-shashwb/_build2/CMakeFiles/CMakeTmp/Debug -filelist /Users/sethbalodi/CODE/project3-shashwb/_build2/CMakeFiles/CMakeTmp/CMAKE_TRY_COMPILE.build/Debug/cmTC_d6cf9.build/Objects-normal/x86_64/cmTC_d6cf9.LinkFileList -mmacosx-version-min=10.12 -Xlinker -object_path_lto -Xlinker /Users/sethbalodi/CODE/project3-shashwb/_build2/CMakeFiles/CMakeTmp/CMAKE_TRY_COMPILE.build/Debug/cmTC_d6cf9.build/Objects-normal/x86_64/cmTC_d6cf9_lto.o -Xlinker -no_deduplicate -v -Wl,-v -Wl,-search_paths_first -Wl,-headerpad_max_install_names -Xlinker -dependency_info -Xlinker /Users/sethbalodi/CODE/project3-shashwb/_build2/CMakeFiles/CMakeTmp/CMAKE_TRY_COMPILE.build/Debug/cmTC_d6cf9.build/Objects-normal/x86_64/cmTC_d6cf9_dependency_info.dat -o /Users/sethbalodi/CODE/project3-shashwb/_build2/CMakeFiles/CMakeTmp/Debug/cmTC_d6cf9
Apple LLVM version 8.0.0 (clang-800.0.42.1)
Target: x86_64-apple-darwin16.5.0
Thread model: posix
InstalledDir: /Applications/Xcode.app/Contents/Developer/Toolchains/XcodeDefault.xctoolchain/usr/bin
 "/Applications/Xcode.app/Contents/Developer/Toolchains/XcodeDefault.xctoolchain/usr/bin/ld" -demangle -dynamic -arch x86_64 -macosx_version_min 10.12.0 -syslibroot /Applications/Xcode.app/Contents/Developer/Platforms/MacOSX.platform/Developer/SDKs/MacOSX10.12.sdk -o /Users/sethbalodi/CODE/project3-shashwb/_build2/CMakeFiles/CMakeTmp/Debug/cmTC_d6cf9 -L/Users/sethbalodi/CODE/project3-shashwb/_build2/CMakeFiles/CMakeTmp/Debug -filelist /Users/sethbalodi/CODE/project3-shashwb/_build2/CMakeFiles/CMakeTmp/CMAKE_TRY_COMPILE.build/Debug/cmTC_d6cf9.build/Objects-normal/x86_64/cmTC_d6cf9.LinkFileList -object_path_lto /Users/sethbalodi/CODE/project3-shashwb/_build2/CMakeFiles/CMakeTmp/CMAKE_TRY_COMPILE.build/Debug/cmTC_d6cf9.build/Objects-normal/x86_64/cmTC_d6cf9_lto.o -no_deduplicate -v -search_paths_first -headerpad_max_install_names -dependency_info /Users/sethbalodi/CODE/project3-shashwb/_build2/CMakeFiles/CMakeTmp/CMAKE_TRY_COMPILE.build/Debug/cmTC_d6cf9.build/Objects-normal/x86_64/cmTC_d6cf9_dependency_info.dat -lc++ -lSystem /Applications/Xcode.app/Contents/Developer/Toolchains/XcodeDefault.xctoolchain/usr/bin/../lib/clang/8.0.0/lib/darwin/libclang_rt.osx.a -F/Users/sethbalodi/CODE/project3-shashwb/_build2/CMakeFiles/CMakeTmp/Debug
@(#)PROGRAM:ld  PROJECT:ld64-274.2
configured to support archs: armv6 armv7 armv7s arm64 i386 x86_64 x86_64h armv6m armv7k armv7m armv7em (tvOS)
Library search paths:
	/Users/sethbalodi/CODE/project3-shashwb/_build2/CMakeFiles/CMakeTmp/Debug
	/Applications/Xcode.app/Contents/Developer/Platforms/MacOSX.platform/Developer/SDKs/MacOSX10.12.sdk/usr/lib
Framework search paths:
	/Users/sethbalodi/CODE/project3-shashwb/_build2/CMakeFiles/CMakeTmp/Debug
	/Applications/Xcode.app/Contents/Developer/Platforms/MacOSX.platform/Developer/SDKs/MacOSX10.12.sdk/System/Library/Frameworks/

** BUILD SUCCEEDED **



Parsed CXX implicit link information from above output:
  link line regex: [^( *|.*[/\])(ld|([^/\]+-)?ld|collect2)[^/\]*( |$)]
  ignore line: [Change Dir: /Users/sethbalodi/CODE/project3-shashwb/_build2/CMakeFiles/CMakeTmp]
  ignore line: []
  ignore line: [Run Build Command:"/usr/bin/xcodebuild" "-project" "CMAKE_TRY_COMPILE.xcodeproj" "build" "-target" "cmTC_d6cf9" "-configuration" "Debug"]
  ignore line: [=== BUILD TARGET cmTC_d6cf9 OF PROJECT CMAKE_TRY_COMPILE WITH CONFIGURATION Debug ===]
  ignore line: []
  ignore line: [Check dependencies]
  ignore line: []
  ignore line: [Write auxiliary files]
  ignore line: [/bin/mkdir -p /Users/sethbalodi/CODE/project3-shashwb/_build2/CMakeFiles/CMakeTmp/CMAKE_TRY_COMPILE.build/Debug/cmTC_d6cf9.build/Objects-normal/x86_64]
  ignore line: [write-file /Users/sethbalodi/CODE/project3-shashwb/_build2/CMakeFiles/CMakeTmp/CMAKE_TRY_COMPILE.build/Debug/cmTC_d6cf9.build/Objects-normal/x86_64/cmTC_d6cf9.LinkFileList]
  ignore line: []
  ignore line: [CompileC CMAKE_TRY_COMPILE.build/Debug/cmTC_d6cf9.build/Objects-normal/x86_64/CMakeCXXCompilerABI.o /Applications/CMake.app/Contents/share/cmake-3.8/Modules/CMakeCXXCompilerABI.cpp normal x86_64 c++ com.apple.compilers.llvm.clang.1_0.compiler]
  ignore line: [    cd /Users/sethbalodi/CODE/project3-shashwb/_build2/CMakeFiles/CMakeTmp]
  ignore line: [    export LANG=en_US.US-ASCII]
  ignore line: [    /Applications/Xcode.app/Contents/Developer/Toolchains/XcodeDefault.xctoolchain/usr/bin/clang -x c++ -arch x86_64 -fmessage-length=0 -fdiagnostics-show-note-include-stack -fmacro-backtrace-limit=0 -Wno-trigraphs -fpascal-strings -O0 -Wno-missing-field-initializers -Wno-missing-prototypes -Wno-return-type -Wno-non-virtual-dtor -Wno-overloaded-virtual -Wno-exit-time-destructors -Wno-missing-braces -Wparentheses -Wswitch -Wno-unused-function -Wno-unused-label -Wno-unused-parameter -Wno-unused-variable -Wunused-value -Wno-empty-body -Wno-uninitialized -Wno-unknown-pragmas -Wno-shadow -Wno-four-char-constants -Wno-conversion -Wno-constant-conversion -Wno-int-conversion -Wno-bool-conversion -Wno-enum-conversion -Wno-shorten-64-to-32 -Wno-newline-eof -Wno-c++11-extensions -DCMAKE_INTDIR=\"Debug\" -isysroot /Applications/Xcode.app/Contents/Developer/Platforms/MacOSX.platform/Developer/SDKs/MacOSX10.12.sdk -fasm-blocks -fstrict-aliasing -Wdeprecated-declarations -Winvalid-offsetof -mmacosx-version-min=10.12 -g -Wno-sign-conversion -Wno-infinite-recursion -Wno-move -I/Users/sethbalodi/CODE/project3-shashwb/_build2/CMakeFiles/CMakeTmp/Debug/include -I/Users/sethbalodi/CODE/project3-shashwb/_build2/CMakeFiles/CMakeTmp/CMAKE_TRY_COMPILE.build/Debug/cmTC_d6cf9.build/DerivedSources/x86_64 -I/Users/sethbalodi/CODE/project3-shashwb/_build2/CMakeFiles/CMakeTmp/CMAKE_TRY_COMPILE.build/Debug/cmTC_d6cf9.build/DerivedSources -Wmost -Wno-four-char-constants -Wno-unknown-pragmas -F/Users/sethbalodi/CODE/project3-shashwb/_build2/CMakeFiles/CMakeTmp/Debug -MMD -MT dependencies -MF /Users/sethbalodi/CODE/project3-shashwb/_build2/CMakeFiles/CMakeTmp/CMAKE_TRY_COMPILE.build/Debug/cmTC_d6cf9.build/Objects-normal/x86_64/CMakeCXXCompilerABI.d --serialize-diagnostics /Users/sethbalodi/CODE/project3-shashwb/_build2/CMakeFiles/CMakeTmp/CMAKE_TRY_COMPILE.build/Debug/cmTC_d6cf9.build/Objects-normal/x86_64/CMakeCXXCompilerABI.dia -c /Applications/CMake.app/Contents/share/cmake-3.8/Modules/CMakeCXXCompilerABI.cpp -o /Users/sethbalodi/CODE/project3-shashwb/_build2/CMakeFiles/CMakeTmp/CMAKE_TRY_COMPILE.build/Debug/cmTC_d6cf9.build/Objects-normal/x86_64/CMakeCXXCompilerABI.o]
  ignore line: []
  ignore line: [Ld Debug/cmTC_d6cf9 normal x86_64]
  ignore line: [    cd /Users/sethbalodi/CODE/project3-shashwb/_build2/CMakeFiles/CMakeTmp]
  ignore line: [    export MACOSX_DEPLOYMENT_TARGET=10.12]
  ignore line: [    /Applications/Xcode.app/Contents/Developer/Toolchains/XcodeDefault.xctoolchain/usr/bin/clang++ -arch x86_64 -isysroot /Applications/Xcode.app/Contents/Developer/Platforms/MacOSX.platform/Developer/SDKs/MacOSX10.12.sdk -L/Users/sethbalodi/CODE/project3-shashwb/_build2/CMakeFiles/CMakeTmp/Debug -F/Users/sethbalodi/CODE/project3-shashwb/_build2/CMakeFiles/CMakeTmp/Debug -filelist /Users/sethbalodi/CODE/project3-shashwb/_build2/CMakeFiles/CMakeTmp/CMAKE_TRY_COMPILE.build/Debug/cmTC_d6cf9.build/Objects-normal/x86_64/cmTC_d6cf9.LinkFileList -mmacosx-version-min=10.12 -Xlinker -object_path_lto -Xlinker /Users/sethbalodi/CODE/project3-shashwb/_build2/CMakeFiles/CMakeTmp/CMAKE_TRY_COMPILE.build/Debug/cmTC_d6cf9.build/Objects-normal/x86_64/cmTC_d6cf9_lto.o -Xlinker -no_deduplicate -v -Wl,-v -Wl,-search_paths_first -Wl,-headerpad_max_install_names -Xlinker -dependency_info -Xlinker /Users/sethbalodi/CODE/project3-shashwb/_build2/CMakeFiles/CMakeTmp/CMAKE_TRY_COMPILE.build/Debug/cmTC_d6cf9.build/Objects-normal/x86_64/cmTC_d6cf9_dependency_info.dat -o /Users/sethbalodi/CODE/project3-shashwb/_build2/CMakeFiles/CMakeTmp/Debug/cmTC_d6cf9]
  ignore line: [Apple LLVM version 8.0.0 (clang-800.0.42.1)]
  ignore line: [Target: x86_64-apple-darwin16.5.0]
  ignore line: [Thread model: posix]
  ignore line: [InstalledDir: /Applications/Xcode.app/Contents/Developer/Toolchains/XcodeDefault.xctoolchain/usr/bin]
  reduced line: [ "/Applications/Xcode.app/Contents/Developer/Toolchains/XcodeDefault.xctoolchain/usr/bin/ld" -demangle -dynamic -arch x86_64 -macosx_version_min 10.12.0 -syslibroot /Applications/Xcode.app/Contents/Developer/Platforms/MacOSX.platform/Developer/SDKs/MacOSX10.12.sdk -o /Users/sethbalodi/CODE/project3-shashwb/_build2/CMakeFiles/CMakeTmp/Debug/cmTC_d6cf9 -L/Users/sethbalodi/CODE/project3-shashwb/_build2/CMakeFiles/CMakeTmp/Debug -filelist /Users/sethbalodi/CODE/project3-shashwb/_build2/CMakeFiles/CMakeTmp/CMAKE_TRY_COMPILE.build/Debug/cmTC_d6cf9.build/Objects-normal/x86_64/cmTC_d6cf9.LinkFileList -object_path_lto /Users/sethbalodi/CODE/project3-shashwb/_build2/CMakeFiles/CMakeTmp/CMAKE_TRY_COMPILE.build/Debug/cmTC_d6cf9.build/Objects-normal/x86_64/cmTC_d6cf9_lto.o -no_deduplicate -v -search_paths_first -headerpad_max_install_names -dependency_info /Users/sethbalodi/CODE/project3-shashwb/_build2/CMakeFiles/CMakeTmp/CMAKE_TRY_COMPILE.build/Debug/cmTC_d6cf9.build/Objects-normal/x86_64/cmTC_d6cf9_dependency_info.dat -lc++ -lSystem /Applications/Xcode.app/Contents/Developer/Toolchains/XcodeDefault.xctoolchain/usr/bin/../lib/clang/8.0.0/lib/darwin/libclang_rt.osx.a -F/Users/sethbalodi/CODE/project3-shashwb/_build2/CMakeFiles/CMakeTmp/Debug]
            to: [ "/Applications/Xcode.app/Contents/Developer/Toolchains/XcodeDefault.xctoolchain/usr/bin/ld" -demangle -dynamic -arch x86_64 -macosx_version_min 10.12.0 -syslibroot /Applications/Xcode.app/Contents/Developer/Platforms/MacOSX.platform/Developer/SDKs/MacOSX10.12.sdk -o /Users/sethbalodi/CODE/project3-shashwb/_build2/CMakeFiles/CMakeTmp/Debug/cmTC_d6cf9 -filelist /Users/sethbalodi/CODE/project3-shashwb/_build2/CMakeFiles/CMakeTmp/CMAKE_TRY_COMPILE.build/Debug/cmTC_d6cf9.build/Objects-normal/x86_64/cmTC_d6cf9.LinkFileList -object_path_lto /Users/sethbalodi/CODE/project3-shashwb/_build2/CMakeFiles/CMakeTmp/CMAKE_TRY_COMPILE.build/Debug/cmTC_d6cf9.build/Objects-normal/x86_64/cmTC_d6cf9_lto.o -no_deduplicate -v -search_paths_first -headerpad_max_install_names -dependency_info /Users/sethbalodi/CODE/project3-shashwb/_build2/CMakeFiles/CMakeTmp/CMAKE_TRY_COMPILE.build/Debug/cmTC_d6cf9.build/Objects-normal/x86_64/cmTC_d6cf9_dependency_info.dat -lc++ -lSystem /Applications/Xcode.app/Contents/Developer/Toolchains/XcodeDefault.xctoolchain/usr/bin/../lib/clang/8.0.0/lib/darwin/libclang_rt.osx.a ]
  link line: [ "/Applications/Xcode.app/Contents/Developer/Toolchains/XcodeDefault.xctoolchain/usr/bin/ld" -demangle -dynamic -arch x86_64 -macosx_version_min 10.12.0 -syslibroot /Applications/Xcode.app/Contents/Developer/Platforms/MacOSX.platform/Developer/SDKs/MacOSX10.12.sdk -o /Users/sethbalodi/CODE/project3-shashwb/_build2/CMakeFiles/CMakeTmp/Debug/cmTC_d6cf9 -filelist /Users/sethbalodi/CODE/project3-shashwb/_build2/CMakeFiles/CMakeTmp/CMAKE_TRY_COMPILE.build/Debug/cmTC_d6cf9.build/Objects-normal/x86_64/cmTC_d6cf9.LinkFileList -object_path_lto /Users/sethbalodi/CODE/project3-shashwb/_build2/CMakeFiles/CMakeTmp/CMAKE_TRY_COMPILE.build/Debug/cmTC_d6cf9.build/Objects-normal/x86_64/cmTC_d6cf9_lto.o -no_deduplicate -v -search_paths_first -headerpad_max_install_names -dependency_info /Users/sethbalodi/CODE/project3-shashwb/_build2/CMakeFiles/CMakeTmp/CMAKE_TRY_COMPILE.build/Debug/cmTC_d6cf9.build/Objects-normal/x86_64/cmTC_d6cf9_dependency_info.dat -lc++ -lSystem /Applications/Xcode.app/Contents/Developer/Toolchains/XcodeDefault.xctoolchain/usr/bin/../lib/clang/8.0.0/lib/darwin/libclang_rt.osx.a ]
    arg [/Applications/Xcode.app/Contents/Developer/Toolchains/XcodeDefault.xctoolchain/usr/bin/ld] ==> ignore
    arg [-demangle] ==> ignore
    arg [-dynamic] ==> ignore
    arg [-arch] ==> ignore
    arg [x86_64] ==> ignore
    arg [-macosx_version_min] ==> ignore
    arg [10.12.0] ==> ignore
    arg [-syslibroot] ==> ignore
    arg [/Applications/Xcode.app/Contents/Developer/Platforms/MacOSX.platform/Developer/SDKs/MacOSX10.12.sdk] ==> ignore
    arg [-o] ==> ignore
    arg [/Users/sethbalodi/CODE/project3-shashwb/_build2/CMakeFiles/CMakeTmp/Debug/cmTC_d6cf9] ==> ignore
    arg [-filelist] ==> ignore
    arg [/Users/sethbalodi/CODE/project3-shashwb/_build2/CMakeFiles/CMakeTmp/CMAKE_TRY_COMPILE.build/Debug/cmTC_d6cf9.build/Objects-normal/x86_64/cmTC_d6cf9.LinkFileList] ==> ignore
    arg [-object_path_lto] ==> ignore
    arg [/Users/sethbalodi/CODE/project3-shashwb/_build2/CMakeFiles/CMakeTmp/CMAKE_TRY_COMPILE.build/Debug/cmTC_d6cf9.build/Objects-normal/x86_64/cmTC_d6cf9_lto.o] ==> ignore
    arg [-no_deduplicate] ==> ignore
    arg [-v] ==> ignore
    arg [-search_paths_first] ==> ignore
    arg [-headerpad_max_install_names] ==> ignore
    arg [-dependency_info] ==> ignore
    arg [/Users/sethbalodi/CODE/project3-shashwb/_build2/CMakeFiles/CMakeTmp/CMAKE_TRY_COMPILE.build/Debug/cmTC_d6cf9.build/Objects-normal/x86_64/cmTC_d6cf9_dependency_info.dat] ==> ignore
    arg [-lc++] ==> lib [c++]
    arg [-lSystem] ==> lib [System]
    arg [/Applications/Xcode.app/Contents/Developer/Toolchains/XcodeDefault.xctoolchain/usr/bin/../lib/clang/8.0.0/lib/darwin/libclang_rt.osx.a] ==> lib [/Applications/Xcode.app/Contents/Developer/Toolchains/XcodeDefault.xctoolchain/usr/bin/../lib/clang/8.0.0/lib/darwin/libclang_rt.osx.a]
  Library search paths: [;/Users/sethbalodi/CODE/project3-shashwb/_build2/CMakeFiles/CMakeTmp/Debug;/Applications/Xcode.app/Contents/Developer/Platforms/MacOSX.platform/Developer/SDKs/MacOSX10.12.sdk/usr/lib]
  Framework search paths: [;/Users/sethbalodi/CODE/project3-shashwb/_build2/CMakeFiles/CMakeTmp/Debug;/Applications/Xcode.app/Contents/Developer/Platforms/MacOSX.platform/Developer/SDKs/MacOSX10.12.sdk/System/Library/Frameworks/]
  remove lib [System]
  remove lib [/Applications/Xcode.app/Contents/Developer/Toolchains/XcodeDefault.xctoolchain/usr/bin/../lib/clang/8.0.0/lib/darwin/libclang_rt.osx.a]
  collapse library dir [/Users/sethbalodi/CODE/project3-shashwb/_build2/CMakeFiles/CMakeTmp/Debug] ==> [/Users/sethbalodi/CODE/project3-shashwb/_build2/CMakeFiles/CMakeTmp/Debug], skipping non-system directory
  collapse library dir [/Applications/Xcode.app/Contents/Developer/Platforms/MacOSX.platform/Developer/SDKs/MacOSX10.12.sdk/usr/lib] ==> [/Applications/Xcode.app/Contents/Developer/Platforms/MacOSX.platform/Developer/SDKs/MacOSX10.12.sdk/usr/lib]
  collapse framework dir [/Users/sethbalodi/CODE/project3-shashwb/_build2/CMakeFiles/CMakeTmp/Debug] ==> [/Users/sethbalodi/CODE/project3-shashwb/_build2/CMakeFiles/CMakeTmp/Debug], skipping non-system directory
  collapse framework dir [/Applications/Xcode.app/Contents/Developer/Platforms/MacOSX.platform/Developer/SDKs/MacOSX10.12.sdk/System/Library/Frameworks/] ==> [/Applications/Xcode.app/Contents/Developer/Platforms/MacOSX.platform/Developer/SDKs/MacOSX10.12.sdk/System/Library/Frameworks]
  implicit libs: [c++]
  implicit dirs: [/Applications/Xcode.app/Contents/Developer/Platforms/MacOSX.platform/Developer/SDKs/MacOSX10.12.sdk/usr/lib]
  implicit fwks: [/Applications/Xcode.app/Contents/Developer/Platforms/MacOSX.platform/Developer/SDKs/MacOSX10.12.sdk/System/Library/Frameworks]




Detecting CXX [-std=c++1z] compiler features compiled with the following output:
Change Dir: /Users/sethbalodi/CODE/project3-shashwb/_build2/CMakeFiles/CMakeTmp

Run Build Command:"/usr/bin/xcodebuild" "-project" "CMAKE_TRY_COMPILE.xcodeproj" "build" "-target" "cmTC_066db" "-configuration" "Debug"
=== BUILD TARGET cmTC_066db OF PROJECT CMAKE_TRY_COMPILE WITH CONFIGURATION Debug ===

Check dependencies

Write auxiliary files
/bin/mkdir -p /Users/sethbalodi/CODE/project3-shashwb/_build2/CMakeFiles/CMakeTmp/CMAKE_TRY_COMPILE.build/Debug/cmTC_066db.build/Objects-normal/x86_64
write-file /Users/sethbalodi/CODE/project3-shashwb/_build2/CMakeFiles/CMakeTmp/CMAKE_TRY_COMPILE.build/Debug/cmTC_066db.build/Objects-normal/x86_64/cmTC_066db.LinkFileList

CompileC CMAKE_TRY_COMPILE.build/Debug/cmTC_066db.build/Objects-normal/x86_64/feature_tests.o /Users/sethbalodi/CODE/project3-shashwb/_build2/CMakeFiles/feature_tests.cxx normal x86_64 c++ com.apple.compilers.llvm.clang.1_0.compiler
    cd /Users/sethbalodi/CODE/project3-shashwb/_build2/CMakeFiles/CMakeTmp
    export LANG=en_US.US-ASCII
    /Applications/Xcode.app/Contents/Developer/Toolchains/XcodeDefault.xctoolchain/usr/bin/clang -x c++ -arch x86_64 -fmessage-length=0 -fdiagnostics-show-note-include-stack -fmacro-backtrace-limit=0 -Wno-trigraphs -fpascal-strings -O0 -Wno-missing-field-initializers -Wno-missing-prototypes -Wno-return-type -Wno-non-virtual-dtor -Wno-overloaded-virtual -Wno-exit-time-destructors -Wno-missing-braces -Wparentheses -Wswitch -Wno-unused-function -Wno-unused-label -Wno-unused-parameter -Wno-unused-variable -Wunused-value -Wno-empty-body -Wno-uninitialized -Wno-unknown-pragmas -Wno-shadow -Wno-four-char-constants -Wno-conversion -Wno-constant-conversion -Wno-int-conversion -Wno-bool-conversion -Wno-enum-conversion -Wno-shorten-64-to-32 -Wno-newline-eof -Wno-c++11-extensions -DCMAKE_INTDIR=\"Debug\" -isysroot /Applications/Xcode.app/Contents/Developer/Platforms/MacOSX.platform/Developer/SDKs/MacOSX10.12.sdk -fasm-blocks -fstrict-aliasing -Wdeprecated-declarations -Winvalid-offsetof -mmacosx-version-min=10.12 -g -Wno-sign-conversion -Wno-infinite-recursion -Wno-move -I/Users/sethbalodi/CODE/project3-shashwb/_build2/CMakeFiles/CMakeTmp/Debug/include -I/Users/sethbalodi/CODE/project3-shashwb/_build2/CMakeFiles/CMakeTmp/CMAKE_TRY_COMPILE.build/Debug/cmTC_066db.build/DerivedSources/x86_64 -I/Users/sethbalodi/CODE/project3-shashwb/_build2/CMakeFiles/CMakeTmp/CMAKE_TRY_COMPILE.build/Debug/cmTC_066db.build/DerivedSources -Wmost -Wno-four-char-constants -Wno-unknown-pragmas -F/Users/sethbalodi/CODE/project3-shashwb/_build2/CMakeFiles/CMakeTmp/Debug -std=c++1z -MMD -MT dependencies -MF /Users/sethbalodi/CODE/project3-shashwb/_build2/CMakeFiles/CMakeTmp/CMAKE_TRY_COMPILE.build/Debug/cmTC_066db.build/Objects-normal/x86_64/feature_tests.d --serialize-diagnostics /Users/sethbalodi/CODE/project3-shashwb/_build2/CMakeFiles/CMakeTmp/CMAKE_TRY_COMPILE.build/Debug/cmTC_066db.build/Objects-normal/x86_64/feature_tests.dia -c /Users/sethbalodi/CODE/project3-shashwb/_build2/CMakeFiles/feature_tests.cxx -o /Users/sethbalodi/CODE/project3-shashwb/_build2/CMakeFiles/CMakeTmp/CMAKE_TRY_COMPILE.build/Debug/cmTC_066db.build/Objects-normal/x86_64/feature_tests.o

Ld Debug/cmTC_066db normal x86_64
    cd /Users/sethbalodi/CODE/project3-shashwb/_build2/CMakeFiles/CMakeTmp
    export MACOSX_DEPLOYMENT_TARGET=10.12
    /Applications/Xcode.app/Contents/Developer/Toolchains/XcodeDefault.xctoolchain/usr/bin/clang++ -arch x86_64 -isysroot /Applications/Xcode.app/Contents/Developer/Platforms/MacOSX.platform/Developer/SDKs/MacOSX10.12.sdk -L/Users/sethbalodi/CODE/project3-shashwb/_build2/CMakeFiles/CMakeTmp/Debug -F/Users/sethbalodi/CODE/project3-shashwb/_build2/CMakeFiles/CMakeTmp/Debug -filelist /Users/sethbalodi/CODE/project3-shashwb/_build2/CMakeFiles/CMakeTmp/CMAKE_TRY_COMPILE.build/Debug/cmTC_066db.build/Objects-normal/x86_64/cmTC_066db.LinkFileList -mmacosx-version-min=10.12 -Xlinker -object_path_lto -Xlinker /Users/sethbalodi/CODE/project3-shashwb/_build2/CMakeFiles/CMakeTmp/CMAKE_TRY_COMPILE.build/Debug/cmTC_066db.build/Objects-normal/x86_64/cmTC_066db_lto.o -Xlinker -no_deduplicate -Wl,-search_paths_first -Wl,-headerpad_max_install_names -Xlinker -dependency_info -Xlinker /Users/sethbalodi/CODE/project3-shashwb/_build2/CMakeFiles/CMakeTmp/CMAKE_TRY_COMPILE.build/Debug/cmTC_066db.build/Objects-normal/x86_64/cmTC_066db_dependency_info.dat -o /Users/sethbalodi/CODE/project3-shashwb/_build2/CMakeFiles/CMakeTmp/Debug/cmTC_066db

** BUILD SUCCEEDED **



    Feature record: CXX_FEATURE:1cxx_aggregate_default_initializers
    Feature record: CXX_FEATURE:1cxx_alias_templates
    Feature record: CXX_FEATURE:1cxx_alignas
    Feature record: CXX_FEATURE:1cxx_alignof
    Feature record: CXX_FEATURE:1cxx_attributes
    Feature record: CXX_FEATURE:1cxx_attribute_deprecated
    Feature record: CXX_FEATURE:1cxx_auto_type
    Feature record: CXX_FEATURE:1cxx_binary_literals
    Feature record: CXX_FEATURE:1cxx_constexpr
    Feature record: CXX_FEATURE:1cxx_contextual_conversions
    Feature record: CXX_FEATURE:1cxx_decltype
    Feature record: CXX_FEATURE:1cxx_decltype_auto
    Feature record: CXX_FEATURE:1cxx_decltype_incomplete_return_types
    Feature record: CXX_FEATURE:1cxx_default_function_template_args
    Feature record: CXX_FEATURE:1cxx_defaulted_functions
    Feature record: CXX_FEATURE:1cxx_defaulted_move_initializers
    Feature record: CXX_FEATURE:1cxx_delegating_constructors
    Feature record: CXX_FEATURE:1cxx_deleted_functions
    Feature record: CXX_FEATURE:1cxx_digit_separators
    Feature record: CXX_FEATURE:1cxx_enum_forward_declarations
    Feature record: CXX_FEATURE:1cxx_explicit_conversions
    Feature record: CXX_FEATURE:1cxx_extended_friend_declarations
    Feature record: CXX_FEATURE:1cxx_extern_templates
    Feature record: CXX_FEATURE:1cxx_final
    Feature record: CXX_FEATURE:1cxx_func_identifier
    Feature record: CXX_FEATURE:1cxx_generalized_initializers
    Feature record: CXX_FEATURE:1cxx_generic_lambdas
    Feature record: CXX_FEATURE:1cxx_inheriting_constructors
    Feature record: CXX_FEATURE:1cxx_inline_namespaces
    Feature record: CXX_FEATURE:1cxx_lambdas
    Feature record: CXX_FEATURE:1cxx_lambda_init_captures
    Feature record: CXX_FEATURE:1cxx_local_type_template_args
    Feature record: CXX_FEATURE:1cxx_long_long_type
    Feature record: CXX_FEATURE:1cxx_noexcept
    Feature record: CXX_FEATURE:1cxx_nonstatic_member_init
    Feature record: CXX_FEATURE:1cxx_nullptr
    Feature record: CXX_FEATURE:1cxx_override
    Feature record: CXX_FEATURE:1cxx_range_for
    Feature record: CXX_FEATURE:1cxx_raw_string_literals
    Feature record: CXX_FEATURE:1cxx_reference_qualified_functions
    Feature record: CXX_FEATURE:1cxx_relaxed_constexpr
    Feature record: CXX_FEATURE:1cxx_return_type_deduction
    Feature record: CXX_FEATURE:1cxx_right_angle_brackets
    Feature record: CXX_FEATURE:1cxx_rvalue_references
    Feature record: CXX_FEATURE:1cxx_sizeof_member
    Feature record: CXX_FEATURE:1cxx_static_assert
    Feature record: CXX_FEATURE:1cxx_strong_enums
    Feature record: CXX_FEATURE:1cxx_template_template_parameters
    Feature record: CXX_FEATURE:1cxx_thread_local
    Feature record: CXX_FEATURE:1cxx_trailing_return_types
    Feature record: CXX_FEATURE:1cxx_unicode_literals
    Feature record: CXX_FEATURE:1cxx_uniform_initialization
    Feature record: CXX_FEATURE:1cxx_unrestricted_unions
    Feature record: CXX_FEATURE:1cxx_user_literals
    Feature record: CXX_FEATURE:1cxx_variable_templates
    Feature record: CXX_FEATURE:1cxx_variadic_macros
    Feature record: CXX_FEATURE:1cxx_variadic_templates


Detecting CXX [-std=c++14] compiler features compiled with the following output:
Change Dir: /Users/sethbalodi/CODE/project3-shashwb/_build2/CMakeFiles/CMakeTmp

Run Build Command:"/usr/bin/xcodebuild" "-project" "CMAKE_TRY_COMPILE.xcodeproj" "build" "-target" "cmTC_15f7c" "-configuration" "Debug"
=== BUILD TARGET cmTC_15f7c OF PROJECT CMAKE_TRY_COMPILE WITH CONFIGURATION Debug ===

Check dependencies

Write auxiliary files
/bin/mkdir -p /Users/sethbalodi/CODE/project3-shashwb/_build2/CMakeFiles/CMakeTmp/CMAKE_TRY_COMPILE.build/Debug/cmTC_15f7c.build/Objects-normal/x86_64
write-file /Users/sethbalodi/CODE/project3-shashwb/_build2/CMakeFiles/CMakeTmp/CMAKE_TRY_COMPILE.build/Debug/cmTC_15f7c.build/Objects-normal/x86_64/cmTC_15f7c.LinkFileList

CompileC CMAKE_TRY_COMPILE.build/Debug/cmTC_15f7c.build/Objects-normal/x86_64/feature_tests.o /Users/sethbalodi/CODE/project3-shashwb/_build2/CMakeFiles/feature_tests.cxx normal x86_64 c++ com.apple.compilers.llvm.clang.1_0.compiler
    cd /Users/sethbalodi/CODE/project3-shashwb/_build2/CMakeFiles/CMakeTmp
    export LANG=en_US.US-ASCII
    /Applications/Xcode.app/Contents/Developer/Toolchains/XcodeDefault.xctoolchain/usr/bin/clang -x c++ -arch x86_64 -fmessage-length=0 -fdiagnostics-show-note-include-stack -fmacro-backtrace-limit=0 -Wno-trigraphs -fpascal-strings -O0 -Wno-missing-field-initializers -Wno-missing-prototypes -Wno-return-type -Wno-non-virtual-dtor -Wno-overloaded-virtual -Wno-exit-time-destructors -Wno-missing-braces -Wparentheses -Wswitch -Wno-unused-function -Wno-unused-label -Wno-unused-parameter -Wno-unused-variable -Wunused-value -Wno-empty-body -Wno-uninitialized -Wno-unknown-pragmas -Wno-shadow -Wno-four-char-constants -Wno-conversion -Wno-constant-conversion -Wno-int-conversion -Wno-bool-conversion -Wno-enum-conversion -Wno-shorten-64-to-32 -Wno-newline-eof -Wno-c++11-extensions -DCMAKE_INTDIR=\"Debug\" -isysroot /Applications/Xcode.app/Contents/Developer/Platforms/MacOSX.platform/Developer/SDKs/MacOSX10.12.sdk -fasm-blocks -fstrict-aliasing -Wdeprecated-declarations -Winvalid-offsetof -mmacosx-version-min=10.12 -g -Wno-sign-conversion -Wno-infinite-recursion -Wno-move -I/Users/sethbalodi/CODE/project3-shashwb/_build2/CMakeFiles/CMakeTmp/Debug/include -I/Users/sethbalodi/CODE/project3-shashwb/_build2/CMakeFiles/CMakeTmp/CMAKE_TRY_COMPILE.build/Debug/cmTC_15f7c.build/DerivedSources/x86_64 -I/Users/sethbalodi/CODE/project3-shashwb/_build2/CMakeFiles/CMakeTmp/CMAKE_TRY_COMPILE.build/Debug/cmTC_15f7c.build/DerivedSources -Wmost -Wno-four-char-constants -Wno-unknown-pragmas -F/Users/sethbalodi/CODE/project3-shashwb/_build2/CMakeFiles/CMakeTmp/Debug -std=c++14 -MMD -MT dependencies -MF /Users/sethbalodi/CODE/project3-shashwb/_build2/CMakeFiles/CMakeTmp/CMAKE_TRY_COMPILE.build/Debug/cmTC_15f7c.build/Objects-normal/x86_64/feature_tests.d --serialize-diagnostics /Users/sethbalodi/CODE/project3-shashwb/_build2/CMakeFiles/CMakeTmp/CMAKE_TRY_COMPILE.build/Debug/cmTC_15f7c.build/Objects-normal/x86_64/feature_tests.dia -c /Users/sethbalodi/CODE/project3-shashwb/_build2/CMakeFiles/feature_tests.cxx -o /Users/sethbalodi/CODE/project3-shashwb/_build2/CMakeFiles/CMakeTmp/CMAKE_TRY_COMPILE.build/Debug/cmTC_15f7c.build/Objects-normal/x86_64/feature_tests.o

Ld Debug/cmTC_15f7c normal x86_64
    cd /Users/sethbalodi/CODE/project3-shashwb/_build2/CMakeFiles/CMakeTmp
    export MACOSX_DEPLOYMENT_TARGET=10.12
    /Applications/Xcode.app/Contents/Developer/Toolchains/XcodeDefault.xctoolchain/usr/bin/clang++ -arch x86_64 -isysroot /Applications/Xcode.app/Contents/Developer/Platforms/MacOSX.platform/Developer/SDKs/MacOSX10.12.sdk -L/Users/sethbalodi/CODE/project3-shashwb/_build2/CMakeFiles/CMakeTmp/Debug -F/Users/sethbalodi/CODE/project3-shashwb/_build2/CMakeFiles/CMakeTmp/Debug -filelist /Users/sethbalodi/CODE/project3-shashwb/_build2/CMakeFiles/CMakeTmp/CMAKE_TRY_COMPILE.build/Debug/cmTC_15f7c.build/Objects-normal/x86_64/cmTC_15f7c.LinkFileList -mmacosx-version-min=10.12 -Xlinker -object_path_lto -Xlinker /Users/sethbalodi/CODE/project3-shashwb/_build2/CMakeFiles/CMakeTmp/CMAKE_TRY_COMPILE.build/Debug/cmTC_15f7c.build/Objects-normal/x86_64/cmTC_15f7c_lto.o -Xlinker -no_deduplicate -Wl,-search_paths_first -Wl,-headerpad_max_install_names -Xlinker -dependency_info -Xlinker /Users/sethbalodi/CODE/project3-shashwb/_build2/CMakeFiles/CMakeTmp/CMAKE_TRY_COMPILE.build/Debug/cmTC_15f7c.build/Objects-normal/x86_64/cmTC_15f7c_dependency_info.dat -o /Users/sethbalodi/CODE/project3-shashwb/_build2/CMakeFiles/CMakeTmp/Debug/cmTC_15f7c

** BUILD SUCCEEDED **



    Feature record: CXX_FEATURE:1cxx_aggregate_default_initializers
    Feature record: CXX_FEATURE:1cxx_alias_templates
    Feature record: CXX_FEATURE:1cxx_alignas
    Feature record: CXX_FEATURE:1cxx_alignof
    Feature record: CXX_FEATURE:1cxx_attributes
    Feature record: CXX_FEATURE:1cxx_attribute_deprecated
    Feature record: CXX_FEATURE:1cxx_auto_type
    Feature record: CXX_FEATURE:1cxx_binary_literals
    Feature record: CXX_FEATURE:1cxx_constexpr
    Feature record: CXX_FEATURE:1cxx_contextual_conversions
    Feature record: CXX_FEATURE:1cxx_decltype
    Feature record: CXX_FEATURE:1cxx_decltype_auto
    Feature record: CXX_FEATURE:1cxx_decltype_incomplete_return_types
    Feature record: CXX_FEATURE:1cxx_default_function_template_args
    Feature record: CXX_FEATURE:1cxx_defaulted_functions
    Feature record: CXX_FEATURE:1cxx_defaulted_move_initializers
    Feature record: CXX_FEATURE:1cxx_delegating_constructors
    Feature record: CXX_FEATURE:1cxx_deleted_functions
    Feature record: CXX_FEATURE:1cxx_digit_separators
    Feature record: CXX_FEATURE:1cxx_enum_forward_declarations
    Feature record: CXX_FEATURE:1cxx_explicit_conversions
    Feature record: CXX_FEATURE:1cxx_extended_friend_declarations
    Feature record: CXX_FEATURE:1cxx_extern_templates
    Feature record: CXX_FEATURE:1cxx_final
    Feature record: CXX_FEATURE:1cxx_func_identifier
    Feature record: CXX_FEATURE:1cxx_generalized_initializers
    Feature record: CXX_FEATURE:1cxx_generic_lambdas
    Feature record: CXX_FEATURE:1cxx_inheriting_constructors
    Feature record: CXX_FEATURE:1cxx_inline_namespaces
    Feature record: CXX_FEATURE:1cxx_lambdas
    Feature record: CXX_FEATURE:1cxx_lambda_init_captures
    Feature record: CXX_FEATURE:1cxx_local_type_template_args
    Feature record: CXX_FEATURE:1cxx_long_long_type
    Feature record: CXX_FEATURE:1cxx_noexcept
    Feature record: CXX_FEATURE:1cxx_nonstatic_member_init
    Feature record: CXX_FEATURE:1cxx_nullptr
    Feature record: CXX_FEATURE:1cxx_override
    Feature record: CXX_FEATURE:1cxx_range_for
    Feature record: CXX_FEATURE:1cxx_raw_string_literals
    Feature record: CXX_FEATURE:1cxx_reference_qualified_functions
    Feature record: CXX_FEATURE:1cxx_relaxed_constexpr
    Feature record: CXX_FEATURE:1cxx_return_type_deduction
    Feature record: CXX_FEATURE:1cxx_right_angle_brackets
    Feature record: CXX_FEATURE:1cxx_rvalue_references
    Feature record: CXX_FEATURE:1cxx_sizeof_member
    Feature record: CXX_FEATURE:1cxx_static_assert
    Feature record: CXX_FEATURE:1cxx_strong_enums
    Feature record: CXX_FEATURE:1cxx_template_template_parameters
    Feature record: CXX_FEATURE:1cxx_thread_local
    Feature record: CXX_FEATURE:1cxx_trailing_return_types
    Feature record: CXX_FEATURE:1cxx_unicode_literals
    Feature record: CXX_FEATURE:1cxx_uniform_initialization
    Feature record: CXX_FEATURE:1cxx_unrestricted_unions
    Feature record: CXX_FEATURE:1cxx_user_literals
    Feature record: CXX_FEATURE:1cxx_variable_templates
    Feature record: CXX_FEATURE:1cxx_variadic_macros
    Feature record: CXX_FEATURE:1cxx_variadic_templates


Detecting CXX [-std=c++11] compiler features compiled with the following output:
Change Dir: /Users/sethbalodi/CODE/project3-shashwb/_build2/CMakeFiles/CMakeTmp

Run Build Command:"/usr/bin/xcodebuild" "-project" "CMAKE_TRY_COMPILE.xcodeproj" "build" "-target" "cmTC_1346d" "-configuration" "Debug"
=== BUILD TARGET cmTC_1346d OF PROJECT CMAKE_TRY_COMPILE WITH CONFIGURATION Debug ===

Check dependencies

Write auxiliary files
/bin/mkdir -p /Users/sethbalodi/CODE/project3-shashwb/_build2/CMakeFiles/CMakeTmp/CMAKE_TRY_COMPILE.build/Debug/cmTC_1346d.build/Objects-normal/x86_64
write-file /Users/sethbalodi/CODE/project3-shashwb/_build2/CMakeFiles/CMakeTmp/CMAKE_TRY_COMPILE.build/Debug/cmTC_1346d.build/Objects-normal/x86_64/cmTC_1346d.LinkFileList

CompileC CMAKE_TRY_COMPILE.build/Debug/cmTC_1346d.build/Objects-normal/x86_64/feature_tests.o /Users/sethbalodi/CODE/project3-shashwb/_build2/CMakeFiles/feature_tests.cxx normal x86_64 c++ com.apple.compilers.llvm.clang.1_0.compiler
    cd /Users/sethbalodi/CODE/project3-shashwb/_build2/CMakeFiles/CMakeTmp
    export LANG=en_US.US-ASCII
    /Applications/Xcode.app/Contents/Developer/Toolchains/XcodeDefault.xctoolchain/usr/bin/clang -x c++ -arch x86_64 -fmessage-length=0 -fdiagnostics-show-note-include-stack -fmacro-backtrace-limit=0 -Wno-trigraphs -fpascal-strings -O0 -Wno-missing-field-initializers -Wno-missing-prototypes -Wno-return-type -Wno-non-virtual-dtor -Wno-overloaded-virtual -Wno-exit-time-destructors -Wno-missing-braces -Wparentheses -Wswitch -Wno-unused-function -Wno-unused-label -Wno-unused-parameter -Wno-unused-variable -Wunused-value -Wno-empty-body -Wno-uninitialized -Wno-unknown-pragmas -Wno-shadow -Wno-four-char-constants -Wno-conversion -Wno-constant-conversion -Wno-int-conversion -Wno-bool-conversion -Wno-enum-conversion -Wno-shorten-64-to-32 -Wno-newline-eof -Wno-c++11-extensions -DCMAKE_INTDIR=\"Debug\" -isysroot /Applications/Xcode.app/Contents/Developer/Platforms/MacOSX.platform/Developer/SDKs/MacOSX10.12.sdk -fasm-blocks -fstrict-aliasing -Wdeprecated-declarations -Winvalid-offsetof -mmacosx-version-min=10.12 -g -Wno-sign-conversion -Wno-infinite-recursion -Wno-move -I/Users/sethbalodi/CODE/project3-shashwb/_build2/CMakeFiles/CMakeTmp/Debug/include -I/Users/sethbalodi/CODE/project3-shashwb/_build2/CMakeFiles/CMakeTmp/CMAKE_TRY_COMPILE.build/Debug/cmTC_1346d.build/DerivedSources/x86_64 -I/Users/sethbalodi/CODE/project3-shashwb/_build2/CMakeFiles/CMakeTmp/CMAKE_TRY_COMPILE.build/Debug/cmTC_1346d.build/DerivedSources -Wmost -Wno-four-char-constants -Wno-unknown-pragmas -F/Users/sethbalodi/CODE/project3-shashwb/_build2/CMakeFiles/CMakeTmp/Debug -std=c++11 -MMD -MT dependencies -MF /Users/sethbalodi/CODE/project3-shashwb/_build2/CMakeFiles/CMakeTmp/CMAKE_TRY_COMPILE.build/Debug/cmTC_1346d.build/Objects-normal/x86_64/feature_tests.d --serialize-diagnostics /Users/sethbalodi/CODE/project3-shashwb/_build2/CMakeFiles/CMakeTmp/CMAKE_TRY_COMPILE.build/Debug/cmTC_1346d.build/Objects-normal/x86_64/feature_tests.dia -c /Users/sethbalodi/CODE/project3-shashwb/_build2/CMakeFiles/feature_tests.cxx -o /Users/sethbalodi/CODE/project3-shashwb/_build2/CMakeFiles/CMakeTmp/CMAKE_TRY_COMPILE.build/Debug/cmTC_1346d.build/Objects-normal/x86_64/feature_tests.o

Ld Debug/cmTC_1346d normal x86_64
    cd /Users/sethbalodi/CODE/project3-shashwb/_build2/CMakeFiles/CMakeTmp
    export MACOSX_DEPLOYMENT_TARGET=10.12
    /Applications/Xcode.app/Contents/Developer/Toolchains/XcodeDefault.xctoolchain/usr/bin/clang++ -arch x86_64 -isysroot /Applications/Xcode.app/Contents/Developer/Platforms/MacOSX.platform/Developer/SDKs/MacOSX10.12.sdk -L/Users/sethbalodi/CODE/project3-shashwb/_build2/CMakeFiles/CMakeTmp/Debug -F/Users/sethbalodi/CODE/project3-shashwb/_build2/CMakeFiles/CMakeTmp/Debug -filelist /Users/sethbalodi/CODE/project3-shashwb/_build2/CMakeFiles/CMakeTmp/CMAKE_TRY_COMPILE.build/Debug/cmTC_1346d.build/Objects-normal/x86_64/cmTC_1346d.LinkFileList -mmacosx-version-min=10.12 -Xlinker -object_path_lto -Xlinker /Users/sethbalodi/CODE/project3-shashwb/_build2/CMakeFiles/CMakeTmp/CMAKE_TRY_COMPILE.build/Debug/cmTC_1346d.build/Objects-normal/x86_64/cmTC_1346d_lto.o -Xlinker -no_deduplicate -Wl,-search_paths_first -Wl,-headerpad_max_install_names -Xlinker -dependency_info -Xlinker /Users/sethbalodi/CODE/project3-shashwb/_build2/CMakeFiles/CMakeTmp/CMAKE_TRY_COMPILE.build/Debug/cmTC_1346d.build/Objects-normal/x86_64/cmTC_1346d_dependency_info.dat -o /Users/sethbalodi/CODE/project3-shashwb/_build2/CMakeFiles/CMakeTmp/Debug/cmTC_1346d

** BUILD SUCCEEDED **



    Feature record: CXX_FEATURE:0cxx_aggregate_default_initializers
    Feature record: CXX_FEATURE:1cxx_alias_templates
    Feature record: CXX_FEATURE:1cxx_alignas
    Feature record: CXX_FEATURE:1cxx_alignof
    Feature record: CXX_FEATURE:1cxx_attributes
    Feature record: CXX_FEATURE:0cxx_attribute_deprecated
    Feature record: CXX_FEATURE:1cxx_auto_type
    Feature record: CXX_FEATURE:0cxx_binary_literals
    Feature record: CXX_FEATURE:1cxx_constexpr
    Feature record: CXX_FEATURE:0cxx_contextual_conversions
    Feature record: CXX_FEATURE:1cxx_decltype
    Feature record: CXX_FEATURE:0cxx_decltype_auto
    Feature record: CXX_FEATURE:1cxx_decltype_incomplete_return_types
    Feature record: CXX_FEATURE:1cxx_default_function_template_args
    Feature record: CXX_FEATURE:1cxx_defaulted_functions
    Feature record: CXX_FEATURE:1cxx_defaulted_move_initializers
    Feature record: CXX_FEATURE:1cxx_delegating_constructors
    Feature record: CXX_FEATURE:1cxx_deleted_functions
    Feature record: CXX_FEATURE:0cxx_digit_separators
    Feature record: CXX_FEATURE:1cxx_enum_forward_declarations
    Feature record: CXX_FEATURE:1cxx_explicit_conversions
    Feature record: CXX_FEATURE:1cxx_extended_friend_declarations
    Feature record: CXX_FEATURE:1cxx_extern_templates
    Feature record: CXX_FEATURE:1cxx_final
    Feature record: CXX_FEATURE:1cxx_func_identifier
    Feature record: CXX_FEATURE:1cxx_generalized_initializers
    Feature record: CXX_FEATURE:0cxx_generic_lambdas
    Feature record: CXX_FEATURE:1cxx_inheriting_constructors
    Feature record: CXX_FEATURE:1cxx_inline_namespaces
    Feature record: CXX_FEATURE:1cxx_lambdas
    Feature record: CXX_FEATURE:0cxx_lambda_init_captures
    Feature record: CXX_FEATURE:1cxx_local_type_template_args
    Feature record: CXX_FEATURE:1cxx_long_long_type
    Feature record: CXX_FEATURE:1cxx_noexcept
    Feature record: CXX_FEATURE:1cxx_nonstatic_member_init
    Feature record: CXX_FEATURE:1cxx_nullptr
    Feature record: CXX_FEATURE:1cxx_override
    Feature record: CXX_FEATURE:1cxx_range_for
    Feature record: CXX_FEATURE:1cxx_raw_string_literals
    Feature record: CXX_FEATURE:1cxx_reference_qualified_functions
    Feature record: CXX_FEATURE:0cxx_relaxed_constexpr
    Feature record: CXX_FEATURE:0cxx_return_type_deduction
    Feature record: CXX_FEATURE:1cxx_right_angle_brackets
    Feature record: CXX_FEATURE:1cxx_rvalue_references
    Feature record: CXX_FEATURE:1cxx_sizeof_member
    Feature record: CXX_FEATURE:1cxx_static_assert
    Feature record: CXX_FEATURE:1cxx_strong_enums
    Feature record: CXX_FEATURE:1cxx_template_template_parameters
    Feature record: CXX_FEATURE:1cxx_thread_local
    Feature record: CXX_FEATURE:1cxx_trailing_return_types
    Feature record: CXX_FEATURE:1cxx_unicode_literals
    Feature record: CXX_FEATURE:1cxx_uniform_initialization
    Feature record: CXX_FEATURE:1cxx_unrestricted_unions
    Feature record: CXX_FEATURE:1cxx_user_literals
    Feature record: CXX_FEATURE:0cxx_variable_templates
    Feature record: CXX_FEATURE:1cxx_variadic_macros
    Feature record: CXX_FEATURE:1cxx_variadic_templates


Detecting CXX [-std=c++98] compiler features compiled with the following output:
Change Dir: /Users/sethbalodi/CODE/project3-shashwb/_build2/CMakeFiles/CMakeTmp

Run Build Command:"/usr/bin/xcodebuild" "-project" "CMAKE_TRY_COMPILE.xcodeproj" "build" "-target" "cmTC_97969" "-configuration" "Debug"
=== BUILD TARGET cmTC_97969 OF PROJECT CMAKE_TRY_COMPILE WITH CONFIGURATION Debug ===

Check dependencies

Write auxiliary files
/bin/mkdir -p /Users/sethbalodi/CODE/project3-shashwb/_build2/CMakeFiles/CMakeTmp/CMAKE_TRY_COMPILE.build/Debug/cmTC_97969.build/Objects-normal/x86_64
write-file /Users/sethbalodi/CODE/project3-shashwb/_build2/CMakeFiles/CMakeTmp/CMAKE_TRY_COMPILE.build/Debug/cmTC_97969.build/Objects-normal/x86_64/cmTC_97969.LinkFileList

CompileC CMAKE_TRY_COMPILE.build/Debug/cmTC_97969.build/Objects-normal/x86_64/feature_tests.o /Users/sethbalodi/CODE/project3-shashwb/_build2/CMakeFiles/feature_tests.cxx normal x86_64 c++ com.apple.compilers.llvm.clang.1_0.compiler
    cd /Users/sethbalodi/CODE/project3-shashwb/_build2/CMakeFiles/CMakeTmp
    export LANG=en_US.US-ASCII
    /Applications/Xcode.app/Contents/Developer/Toolchains/XcodeDefault.xctoolchain/usr/bin/clang -x c++ -arch x86_64 -fmessage-length=0 -fdiagnostics-show-note-include-stack -fmacro-backtrace-limit=0 -Wno-trigraphs -fpascal-strings -O0 -Wno-missing-field-initializers -Wno-missing-prototypes -Wno-return-type -Wno-non-virtual-dtor -Wno-overloaded-virtual -Wno-exit-time-destructors -Wno-missing-braces -Wparentheses -Wswitch -Wno-unused-function -Wno-unused-label -Wno-unused-parameter -Wno-unused-variable -Wunused-value -Wno-empty-body -Wno-uninitialized -Wno-unknown-pragmas -Wno-shadow -Wno-four-char-constants -Wno-conversion -Wno-constant-conversion -Wno-int-conversion -Wno-bool-conversion -Wno-enum-conversion -Wno-shorten-64-to-32 -Wno-newline-eof -Wno-c++11-extensions -DCMAKE_INTDIR=\"Debug\" -isysroot /Applications/Xcode.app/Contents/Developer/Platforms/MacOSX.platform/Developer/SDKs/MacOSX10.12.sdk -fasm-blocks -fstrict-aliasing -Wdeprecated-declarations -Winvalid-offsetof -mmacosx-version-min=10.12 -g -Wno-sign-conversion -Wno-infinite-recursion -Wno-move -I/Users/sethbalodi/CODE/project3-shashwb/_build2/CMakeFiles/CMakeTmp/Debug/include -I/Users/sethbalodi/CODE/project3-shashwb/_build2/CMakeFiles/CMakeTmp/CMAKE_TRY_COMPILE.build/Debug/cmTC_97969.build/DerivedSources/x86_64 -I/Users/sethbalodi/CODE/project3-shashwb/_build2/CMakeFiles/CMakeTmp/CMAKE_TRY_COMPILE.build/Debug/cmTC_97969.build/DerivedSources -Wmost -Wno-four-char-constants -Wno-unknown-pragmas -F/Users/sethbalodi/CODE/project3-shashwb/_build2/CMakeFiles/CMakeTmp/Debug -std=c++98 -MMD -MT dependencies -MF /Users/sethbalodi/CODE/project3-shashwb/_build2/CMakeFiles/CMakeTmp/CMAKE_TRY_COMPILE.build/Debug/cmTC_97969.build/Objects-normal/x86_64/feature_tests.d --serialize-diagnostics /Users/sethbalodi/CODE/project3-shashwb/_build2/CMakeFiles/CMakeTmp/CMAKE_TRY_COMPILE.build/Debug/cmTC_97969.build/Objects-normal/x86_64/feature_tests.dia -c /Users/sethbalodi/CODE/project3-shashwb/_build2/CMakeFiles/feature_tests.cxx -o /Users/sethbalodi/CODE/project3-shashwb/_build2/CMakeFiles/CMakeTmp/CMAKE_TRY_COMPILE.build/Debug/cmTC_97969.build/Objects-normal/x86_64/feature_tests.o

Ld Debug/cmTC_97969 normal x86_64
    cd /Users/sethbalodi/CODE/project3-shashwb/_build2/CMakeFiles/CMakeTmp
    export MACOSX_DEPLOYMENT_TARGET=10.12
    /Applications/Xcode.app/Contents/Developer/Toolchains/XcodeDefault.xctoolchain/usr/bin/clang++ -arch x86_64 -isysroot /Applications/Xcode.app/Contents/Developer/Platforms/MacOSX.platform/Developer/SDKs/MacOSX10.12.sdk -L/Users/sethbalodi/CODE/project3-shashwb/_build2/CMakeFiles/CMakeTmp/Debug -F/Users/sethbalodi/CODE/project3-shashwb/_build2/CMakeFiles/CMakeTmp/Debug -filelist /Users/sethbalodi/CODE/project3-shashwb/_build2/CMakeFiles/CMakeTmp/CMAKE_TRY_COMPILE.build/Debug/cmTC_97969.build/Objects-normal/x86_64/cmTC_97969.LinkFileList -mmacosx-version-min=10.12 -Xlinker -object_path_lto -Xlinker /Users/sethbalodi/CODE/project3-shashwb/_build2/CMakeFiles/CMakeTmp/CMAKE_TRY_COMPILE.build/Debug/cmTC_97969.build/Objects-normal/x86_64/cmTC_97969_lto.o -Xlinker -no_deduplicate -Wl,-search_paths_first -Wl,-headerpad_max_install_names -Xlinker -dependency_info -Xlinker /Users/sethbalodi/CODE/project3-shashwb/_build2/CMakeFiles/CMakeTmp/CMAKE_TRY_COMPILE.build/Debug/cmTC_97969.build/Objects-normal/x86_64/cmTC_97969_dependency_info.dat -o /Users/sethbalodi/CODE/project3-shashwb/_build2/CMakeFiles/CMakeTmp/Debug/cmTC_97969

** BUILD SUCCEEDED **



    Feature record: CXX_FEATURE:0cxx_aggregate_default_initializers
    Feature record: CXX_FEATURE:0cxx_alias_templates
    Feature record: CXX_FEATURE:0cxx_alignas
    Feature record: CXX_FEATURE:0cxx_alignof
    Feature record: CXX_FEATURE:0cxx_attributes
    Feature record: CXX_FEATURE:0cxx_attribute_deprecated
    Feature record: CXX_FEATURE:0cxx_auto_type
    Feature record: CXX_FEATURE:0cxx_binary_literals
    Feature record: CXX_FEATURE:0cxx_constexpr
    Feature record: CXX_FEATURE:0cxx_contextual_conversions
    Feature record: CXX_FEATURE:0cxx_decltype
    Feature record: CXX_FEATURE:0cxx_decltype_auto
    Feature record: CXX_FEATURE:0cxx_decltype_incomplete_return_types
    Feature record: CXX_FEATURE:0cxx_default_function_template_args
    Feature record: CXX_FEATURE:0cxx_defaulted_functions
    Feature record: CXX_FEATURE:0cxx_defaulted_move_initializers
    Feature record: CXX_FEATURE:0cxx_delegating_constructors
    Feature record: CXX_FEATURE:0cxx_deleted_functions
    Feature record: CXX_FEATURE:0cxx_digit_separators
    Feature record: CXX_FEATURE:0cxx_enum_forward_declarations
    Feature record: CXX_FEATURE:0cxx_explicit_conversions
    Feature record: CXX_FEATURE:0cxx_extended_friend_declarations
    Feature record: CXX_FEATURE:0cxx_extern_templates
    Feature record: CXX_FEATURE:0cxx_final
    Feature record: CXX_FEATURE:0cxx_func_identifier
    Feature record: CXX_FEATURE:0cxx_generalized_initializers
    Feature record: CXX_FEATURE:0cxx_generic_lambdas
    Feature record: CXX_FEATURE:0cxx_inheriting_constructors
    Feature record: CXX_FEATURE:0cxx_inline_namespaces
    Feature record: CXX_FEATURE:0cxx_lambdas
    Feature record: CXX_FEATURE:0cxx_lambda_init_captures
    Feature record: CXX_FEATURE:0cxx_local_type_template_args
    Feature record: CXX_FEATURE:0cxx_long_long_type
    Feature record: CXX_FEATURE:0cxx_noexcept
    Feature record: CXX_FEATURE:0cxx_nonstatic_member_init
    Feature record: CXX_FEATURE:0cxx_nullptr
    Feature record: CXX_FEATURE:0cxx_override
    Feature record: CXX_FEATURE:0cxx_range_for
    Feature record: CXX_FEATURE:0cxx_raw_string_literals
    Feature record: CXX_FEATURE:0cxx_reference_qualified_functions
    Feature record: CXX_FEATURE:0cxx_relaxed_constexpr
    Feature record: CXX_FEATURE:0cxx_return_type_deduction
    Feature record: CXX_FEATURE:0cxx_right_angle_brackets
    Feature record: CXX_FEATURE:0cxx_rvalue_references
    Feature record: CXX_FEATURE:0cxx_sizeof_member
    Feature record: CXX_FEATURE:0cxx_static_assert
    Feature record: CXX_FEATURE:0cxx_strong_enums
    Feature record: CXX_FEATURE:1cxx_template_template_parameters
    Feature record: CXX_FEATURE:0cxx_thread_local
    Feature record: CXX_FEATURE:0cxx_trailing_return_types
    Feature record: CXX_FEATURE:0cxx_unicode_literals
    Feature record: CXX_FEATURE:0cxx_uniform_initialization
    Feature record: CXX_FEATURE:0cxx_unrestricted_unions
    Feature record: CXX_FEATURE:0cxx_user_literals
    Feature record: CXX_FEATURE:0cxx_variable_templates
    Feature record: CXX_FEATURE:0cxx_variadic_macros
    Feature record: CXX_FEATURE:0cxx_variadic_templates
